<?xml version="1.0" encoding="UTF-8"?>
<testng-results skipped="0" failed="1" total="1" passed="0">
  <reporter-output>
  </reporter-output>
  <suite name="Default suite" duration-ms="17" started-at="2017-07-27T06:54:00Z" finished-at="2017-07-27T06:54:00Z">
    <groups>
    </groups>
    <test name="Default test" duration-ms="17" started-at="2017-07-27T06:54:00Z" finished-at="2017-07-27T06:54:00Z">
      <class name="newproject.test.GetExcel_Dataprovider">
        <test-method status="FAIL" signature="Registration_data(java.lang.String)[pri:0, instance:newproject.test.GetExcel_Dataprovider@6a41eaa2]" name="Registration_data" duration-ms="0" started-at="2017-07-27T12:24:00Z" data-provider="getData" finished-at="2017-07-27T12:24:00Z">
          <exception class="java.lang.RuntimeException">
            <message>
              <![CDATA[java.lang.Error: Unresolved compilation problems: 
	The import org.apache.poi.xssf cannot be resolved
	The import org.apache.poi.xssf cannot be resolved
	The import org.apache.poi.xssf cannot be resolved
	XSSFWorkbook cannot be resolved to a type
	XSSFSheet cannot be resolved to a type
	XSSFRow cannot be resolved to a type
	XSSFWorkbook cannot be resolved to a type
	XSSFWorkbook cannot be resolved to a type
	XSSFSheet cannot be resolved to a type
	XSSFWorkbook cannot be resolved to a type
	XSSFSheet cannot be resolved to a type
	XSSFWorkbook cannot be resolved to a type
]]>
            </message>
            <full-stacktrace>
              <![CDATA[java.lang.RuntimeException: java.lang.Error: Unresolved compilation problems: 
	The import org.apache.poi.xssf cannot be resolved
	The import org.apache.poi.xssf cannot be resolved
	The import org.apache.poi.xssf cannot be resolved
	XSSFWorkbook cannot be resolved to a type
	XSSFSheet cannot be resolved to a type
	XSSFRow cannot be resolved to a type
	XSSFWorkbook cannot be resolved to a type
	XSSFWorkbook cannot be resolved to a type
	XSSFSheet cannot be resolved to a type
	XSSFWorkbook cannot be resolved to a type
	XSSFSheet cannot be resolved to a type
	XSSFWorkbook cannot be resolved to a type

	at org.testng.internal.MethodInvocationHelper.invokeDataProvider(MethodInvocationHelper.java:143)
	at org.testng.internal.Parameters.handleParameters(Parameters.java:426)
	at org.testng.internal.Invoker.handleParameters(Invoker.java:1383)
	at org.testng.internal.Invoker.createParameters(Invoker.java:1075)
	at org.testng.internal.Invoker.invokeTestMethods(Invoker.java:1180)
	at org.testng.internal.TestMethodWorker.invokeTestMethods(TestMethodWorker.java:127)
	at org.testng.internal.TestMethodWorker.run(TestMethodWorker.java:111)
	at org.testng.TestRunner.privateRun(TestRunner.java:767)
	at org.testng.TestRunner.run(TestRunner.java:617)
	at org.testng.SuiteRunner.runTest(SuiteRunner.java:334)
	at org.testng.SuiteRunner.runSequentially(SuiteRunner.java:329)
	at org.testng.SuiteRunner.privateRun(SuiteRunner.java:291)
	at org.testng.SuiteRunner.run(SuiteRunner.java:240)
	at org.testng.SuiteRunnerWorker.runSuite(SuiteRunnerWorker.java:52)
	at org.testng.SuiteRunnerWorker.run(SuiteRunnerWorker.java:86)
	at org.testng.TestNG.runSuitesSequentially(TestNG.java:1198)
	at org.testng.TestNG.runSuitesLocally(TestNG.java:1123)
	at org.testng.TestNG.run(TestNG.java:1031)
	at org.testng.remote.AbstractRemoteTestNG.run(AbstractRemoteTestNG.java:132)
	at org.testng.remote.RemoteTestNG.initAndRun(RemoteTestNG.java:230)
	at org.testng.remote.RemoteTestNG.main(RemoteTestNG.java:76)
Caused by: java.lang.Error: Unresolved compilation problems: 
	The import org.apache.poi.xssf cannot be resolved
	The import org.apache.poi.xssf cannot be resolved
	The import org.apache.poi.xssf cannot be resolved
	XSSFWorkbook cannot be resolved to a type
	XSSFSheet cannot be resolved to a type
	XSSFRow cannot be resolved to a type
	XSSFWorkbook cannot be resolved to a type
	XSSFWorkbook cannot be resolved to a type
	XSSFSheet cannot be resolved to a type
	XSSFWorkbook cannot be resolved to a type
	XSSFSheet cannot be resolved to a type
	XSSFWorkbook cannot be resolved to a type

	at newproject.test.ExceldataConfig.<init>(ExceldataConfig.java:5)
	at newproject.test.GetExcel_Dataprovider.getData(GetExcel_Dataprovider.java:76)
	at sun.reflect.NativeMethodAccessorImpl.invoke0(Native Method)
	at sun.reflect.NativeMethodAccessorImpl.invoke(NativeMethodAccessorImpl.java:62)
	at sun.reflect.DelegatingMethodAccessorImpl.invoke(DelegatingMethodAccessorImpl.java:43)
	at java.lang.reflect.Method.invoke(Method.java:498)
	at org.testng.internal.MethodInvocationHelper.invokeMethod(MethodInvocationHelper.java:80)
	at org.testng.internal.MethodInvocationHelper.invokeDataProvider(MethodInvocationHelper.java:117)
	... 20 more
]]>
            </full-stacktrace>
          </exception> <!-- java.lang.RuntimeException -->
          <reporter-output>
          </reporter-output>
        </test-method> <!-- Registration_data -->
      </class> <!-- newproject.test.GetExcel_Dataprovider -->
    </test> <!-- Default test -->
  </suite> <!-- Default suite -->
</testng-results>
